{"/mnt/c/Users/sigmu/Code/lib-songbeamer/libs/ablauf.js":{"path":"/mnt/c/Users/sigmu/Code/lib-songbeamer/libs/ablauf.js","s":{"1":1,"2":1,"3":2,"4":2,"5":2,"6":38,"7":38,"8":38,"9":0,"10":38,"11":152,"12":38,"13":38,"14":38,"15":38,"16":38,"17":38,"18":38,"19":0,"20":38,"21":38,"22":2,"23":1,"24":2,"25":2,"26":38,"27":38,"28":38,"29":38,"30":38,"31":22,"32":38,"33":2,"34":36,"35":2,"36":2,"37":1,"38":76,"39":60,"40":60,"41":16,"42":1,"43":38,"44":0,"45":0,"46":38,"47":38,"48":38,"49":38,"50":38,"51":38,"52":38,"53":38,"54":38,"55":38,"56":1,"57":38,"58":38,"59":38,"60":38,"61":38,"62":38,"63":1,"64":38,"65":38,"66":38,"67":38,"68":10,"69":4,"70":8,"71":16,"72":0,"73":0,"74":0,"75":1,"76":0,"77":0,"78":0,"79":0},"b":{"1":[0,38],"2":[38,38,38,38,0],"3":[22,16],"4":[2,36],"5":[60,16],"6":[0,38],"7":[38,0],"8":[10,4,8,8,16],"9":[0,0],"10":[0,0]},"f":{"1":2,"2":2,"3":76,"4":38,"5":38,"6":38,"7":0},"fnMap":{"1":{"name":"(anonymous_1)","line":15,"loc":{"start":{"line":15,"column":17},"end":{"line":15,"column":43}}},"2":{"name":"(anonymous_2)","line":50,"loc":{"start":{"line":50,"column":17},"end":{"line":50,"column":44}}},"3":{"name":"clean","line":73,"loc":{"start":{"line":73,"column":0},"end":{"line":73,"column":22}}},"4":{"name":"color2Hex","line":85,"loc":{"start":{"line":85,"column":0},"end":{"line":85,"column":27}}},"5":{"name":"hex2Color","line":121,"loc":{"start":{"line":121,"column":0},"end":{"line":121,"column":25}}},"6":{"name":"getType","line":137,"loc":{"start":{"line":137,"column":0},"end":{"line":137,"column":37}}},"7":{"name":"colourNameToHex","line":160,"loc":{"start":{"line":160,"column":0},"end":{"line":160,"column":34}}}},"statementMap":{"1":{"start":{"line":14,"column":0},"end":{"line":14,"column":105}},"2":{"start":{"line":15,"column":0},"end":{"line":44,"column":1}},"3":{"start":{"line":16,"column":2},"end":{"line":16,"column":15}},"4":{"start":{"line":17,"column":2},"end":{"line":17,"column":7}},"5":{"start":{"line":18,"column":2},"end":{"line":42,"column":3}},"6":{"start":{"line":19,"column":4},"end":{"line":19,"column":17}},"7":{"start":{"line":20,"column":4},"end":{"line":20,"column":22}},"8":{"start":{"line":21,"column":4},"end":{"line":23,"column":5}},"9":{"start":{"line":22,"column":6},"end":{"line":22,"column":23}},"10":{"start":{"line":24,"column":4},"end":{"line":39,"column":6}},"11":{"start":{"line":25,"column":6},"end":{"line":38,"column":7}},"12":{"start":{"line":27,"column":10},"end":{"line":27,"column":15}},"13":{"start":{"line":29,"column":10},"end":{"line":29,"column":37}},"14":{"start":{"line":30,"column":10},"end":{"line":30,"column":15}},"15":{"start":{"line":32,"column":10},"end":{"line":32,"column":39}},"16":{"start":{"line":33,"column":10},"end":{"line":33,"column":15}},"17":{"start":{"line":35,"column":10},"end":{"line":35,"column":38}},"18":{"start":{"line":36,"column":10},"end":{"line":36,"column":15}},"19":{"start":{"line":37,"column":17},"end":{"line":37,"column":104}},"20":{"start":{"line":40,"column":4},"end":{"line":40,"column":52}},"21":{"start":{"line":41,"column":4},"end":{"line":41,"column":19}},"22":{"start":{"line":43,"column":2},"end":{"line":43,"column":22}},"23":{"start":{"line":50,"column":0},"end":{"line":68,"column":1}},"24":{"start":{"line":51,"column":2},"end":{"line":51,"column":74}},"25":{"start":{"line":52,"column":2},"end":{"line":65,"column":3}},"26":{"start":{"line":53,"column":4},"end":{"line":53,"column":29}},"27":{"start":{"line":54,"column":4},"end":{"line":54,"column":26}},"28":{"start":{"line":55,"column":4},"end":{"line":55,"column":58}},"29":{"start":{"line":56,"column":4},"end":{"line":56,"column":61}},"30":{"start":{"line":57,"column":4},"end":{"line":59,"column":5}},"31":{"start":{"line":58,"column":6},"end":{"line":58,"column":62}},"32":{"start":{"line":60,"column":4},"end":{"line":64,"column":5}},"33":{"start":{"line":61,"column":6},"end":{"line":61,"column":28}},"34":{"start":{"line":63,"column":6},"end":{"line":63,"column":27}},"35":{"start":{"line":66,"column":2},"end":{"line":66,"column":15}},"36":{"start":{"line":67,"column":2},"end":{"line":67,"column":22}},"37":{"start":{"line":73,"column":0},"end":{"line":80,"column":1}},"38":{"start":{"line":74,"column":2},"end":{"line":79,"column":3}},"39":{"start":{"line":75,"column":4},"end":{"line":75,"column":33}},"40":{"start":{"line":76,"column":4},"end":{"line":76,"column":15}},"41":{"start":{"line":78,"column":4},"end":{"line":78,"column":13}},"42":{"start":{"line":85,"column":0},"end":{"line":116,"column":1}},"43":{"start":{"line":86,"column":2},"end":{"line":115,"column":3}},"44":{"start":{"line":87,"column":4},"end":{"line":87,"column":57}},"45":{"start":{"line":88,"column":4},"end":{"line":88,"column":37}},"46":{"start":{"line":91,"column":4},"end":{"line":91,"column":29}},"47":{"start":{"line":94,"column":4},"end":{"line":94,"column":24}},"48":{"start":{"line":97,"column":4},"end":{"line":97,"column":28}},"49":{"start":{"line":101,"column":4},"end":{"line":101,"column":38}},"50":{"start":{"line":102,"column":4},"end":{"line":102,"column":32}},"51":{"start":{"line":103,"column":4},"end":{"line":103,"column":40}},"52":{"start":{"line":106,"column":4},"end":{"line":106,"column":34}},"53":{"start":{"line":109,"column":4},"end":{"line":109,"column":42}},"54":{"start":{"line":112,"column":4},"end":{"line":112,"column":71}},"55":{"start":{"line":114,"column":4},"end":{"line":114,"column":20}},"56":{"start":{"line":121,"column":0},"end":{"line":131,"column":1}},"57":{"start":{"line":122,"column":2},"end":{"line":122,"column":52}},"58":{"start":{"line":123,"column":2},"end":{"line":123,"column":41}},"59":{"start":{"line":124,"column":2},"end":{"line":124,"column":34}},"60":{"start":{"line":125,"column":2},"end":{"line":125,"column":41}},"61":{"start":{"line":128,"column":2},"end":{"line":128,"column":32}},"62":{"start":{"line":130,"column":2},"end":{"line":130,"column":18}},"63":{"start":{"line":137,"column":0},"end":{"line":155,"column":1}},"64":{"start":{"line":138,"column":2},"end":{"line":154,"column":3}},"65":{"start":{"line":139,"column":4},"end":{"line":139,"column":31}},"66":{"start":{"line":140,"column":4},"end":{"line":140,"column":39}},"67":{"start":{"line":141,"column":4},"end":{"line":147,"column":5}},"68":{"start":{"line":142,"column":18},"end":{"line":142,"column":31}},"69":{"start":{"line":143,"column":18},"end":{"line":143,"column":32}},"70":{"start":{"line":145,"column":19},"end":{"line":145,"column":38}},"71":{"start":{"line":146,"column":15},"end":{"line":146,"column":31}},"72":{"start":{"line":149,"column":4},"end":{"line":151,"column":5}},"73":{"start":{"line":150,"column":6},"end":{"line":150,"column":21}},"74":{"start":{"line":153,"column":4},"end":{"line":153,"column":20}},"75":{"start":{"line":160,"column":0},"end":{"line":308,"column":1}},"76":{"start":{"line":161,"column":2},"end":{"line":301,"column":29}},"77":{"start":{"line":303,"column":2},"end":{"line":307,"column":3}},"78":{"start":{"line":304,"column":4},"end":{"line":304,"column":40}},"79":{"start":{"line":306,"column":4},"end":{"line":306,"column":13}}},"branchMap":{"1":{"line":21,"type":"if","locations":[{"start":{"line":21,"column":4},"end":{"line":21,"column":4}},{"start":{"line":21,"column":4},"end":{"line":21,"column":4}}]},"2":{"line":25,"type":"switch","locations":[{"start":{"line":26,"column":8},"end":{"line":27,"column":15}},{"start":{"line":28,"column":8},"end":{"line":30,"column":15}},{"start":{"line":31,"column":8},"end":{"line":33,"column":15}},{"start":{"line":34,"column":8},"end":{"line":36,"column":15}},{"start":{"line":37,"column":8},"end":{"line":37,"column":104}}]},"3":{"line":57,"type":"if","locations":[{"start":{"line":57,"column":4},"end":{"line":57,"column":4}},{"start":{"line":57,"column":4},"end":{"line":57,"column":4}}]},"4":{"line":60,"type":"if","locations":[{"start":{"line":60,"column":4},"end":{"line":60,"column":4}},{"start":{"line":60,"column":4},"end":{"line":60,"column":4}}]},"5":{"line":74,"type":"if","locations":[{"start":{"line":74,"column":2},"end":{"line":74,"column":2}},{"start":{"line":74,"column":2},"end":{"line":74,"column":2}}]},"6":{"line":86,"type":"if","locations":[{"start":{"line":86,"column":2},"end":{"line":86,"column":2}},{"start":{"line":86,"column":2},"end":{"line":86,"column":2}}]},"7":{"line":138,"type":"if","locations":[{"start":{"line":138,"column":2},"end":{"line":138,"column":2}},{"start":{"line":138,"column":2},"end":{"line":138,"column":2}}]},"8":{"line":141,"type":"switch","locations":[{"start":{"line":142,"column":6},"end":{"line":142,"column":31}},{"start":{"line":143,"column":6},"end":{"line":143,"column":32}},{"start":{"line":144,"column":6},"end":{"line":144,"column":17}},{"start":{"line":145,"column":6},"end":{"line":145,"column":38}},{"start":{"line":146,"column":6},"end":{"line":146,"column":31}}]},"9":{"line":149,"type":"if","locations":[{"start":{"line":149,"column":4},"end":{"line":149,"column":4}},{"start":{"line":149,"column":4},"end":{"line":149,"column":4}}]},"10":{"line":303,"type":"if","locations":[{"start":{"line":303,"column":2},"end":{"line":303,"column":2}},{"start":{"line":303,"column":2},"end":{"line":303,"column":2}}]}}},"/mnt/c/Users/sigmu/Code/lib-songbeamer/index.js":{"path":"/mnt/c/Users/sigmu/Code/lib-songbeamer/index.js","s":{"1":1,"2":1,"3":1,"4":1,"5":1,"6":1,"7":0,"8":1,"9":1,"10":0,"11":1,"12":1,"13":1,"14":1,"15":0,"16":1,"17":1,"18":0,"19":1,"20":1,"21":1,"22":1,"23":1,"24":1,"25":1,"26":0,"27":1,"28":1,"29":0,"30":1,"31":1,"32":1,"33":1,"34":0,"35":1,"36":1,"37":0,"38":1},"b":{"1":[0,1],"2":[0,1],"3":[0,1],"4":[0,1],"5":[0,1],"6":[0,1],"7":[0,1],"8":[0,1]},"f":{"1":1,"2":1,"3":1,"4":1,"5":1,"6":1,"7":1,"8":1,"9":1,"10":1,"11":1,"12":1},"fnMap":{"1":{"name":"(anonymous_1)","line":20,"loc":{"start":{"line":20,"column":20},"end":{"line":20,"column":46}}},"2":{"name":"(anonymous_2)","line":21,"loc":{"start":{"line":21,"column":28},"end":{"line":21,"column":49}}},"3":{"name":"(anonymous_3)","line":25,"loc":{"start":{"line":25,"column":24},"end":{"line":25,"column":45}}},"4":{"name":"(anonymous_4)","line":40,"loc":{"start":{"line":40,"column":22},"end":{"line":40,"column":48}}},"5":{"name":"(anonymous_5)","line":41,"loc":{"start":{"line":41,"column":28},"end":{"line":41,"column":49}}},"6":{"name":"(anonymous_6)","line":45,"loc":{"start":{"line":45,"column":26},"end":{"line":45,"column":47}}},"7":{"name":"(anonymous_7)","line":64,"loc":{"start":{"line":64,"column":20},"end":{"line":64,"column":54}}},"8":{"name":"(anonymous_8)","line":65,"loc":{"start":{"line":65,"column":22},"end":{"line":65,"column":43}}},"9":{"name":"(anonymous_9)","line":69,"loc":{"start":{"line":69,"column":31},"end":{"line":69,"column":46}}},"10":{"name":"(anonymous_10)","line":85,"loc":{"start":{"line":85,"column":22},"end":{"line":85,"column":56}}},"11":{"name":"(anonymous_11)","line":86,"loc":{"start":{"line":86,"column":30},"end":{"line":86,"column":51}}},"12":{"name":"(anonymous_12)","line":90,"loc":{"start":{"line":90,"column":31},"end":{"line":90,"column":46}}}},"statementMap":{"1":{"start":{"line":12,"column":0},"end":{"line":12,"column":36}},"2":{"start":{"line":13,"column":0},"end":{"line":13,"column":40}},"3":{"start":{"line":14,"column":0},"end":{"line":14,"column":22}},"4":{"start":{"line":20,"column":0},"end":{"line":34,"column":1}},"5":{"start":{"line":21,"column":2},"end":{"line":33,"column":4}},"6":{"start":{"line":22,"column":4},"end":{"line":32,"column":5}},"7":{"start":{"line":23,"column":6},"end":{"line":23,"column":19}},"8":{"start":{"line":25,"column":6},"end":{"line":31,"column":8}},"9":{"start":{"line":26,"column":8},"end":{"line":30,"column":9}},"10":{"start":{"line":27,"column":10},"end":{"line":27,"column":23}},"11":{"start":{"line":29,"column":10},"end":{"line":29,"column":30}},"12":{"start":{"line":40,"column":0},"end":{"line":57,"column":1}},"13":{"start":{"line":41,"column":2},"end":{"line":56,"column":4}},"14":{"start":{"line":42,"column":4},"end":{"line":55,"column":5}},"15":{"start":{"line":43,"column":6},"end":{"line":43,"column":19}},"16":{"start":{"line":45,"column":6},"end":{"line":54,"column":8}},"17":{"start":{"line":46,"column":8},"end":{"line":53,"column":9}},"18":{"start":{"line":47,"column":10},"end":{"line":47,"column":23}},"19":{"start":{"line":49,"column":10},"end":{"line":49,"column":25}},"20":{"start":{"line":50,"column":10},"end":{"line":50,"column":29}},"21":{"start":{"line":51,"column":10},"end":{"line":51,"column":29}},"22":{"start":{"line":52,"column":10},"end":{"line":52,"column":32}},"23":{"start":{"line":64,"column":0},"end":{"line":78,"column":1}},"24":{"start":{"line":65,"column":2},"end":{"line":77,"column":4}},"25":{"start":{"line":66,"column":4},"end":{"line":76,"column":5}},"26":{"start":{"line":67,"column":6},"end":{"line":67,"column":19}},"27":{"start":{"line":69,"column":6},"end":{"line":75,"column":8}},"28":{"start":{"line":70,"column":8},"end":{"line":74,"column":9}},"29":{"start":{"line":71,"column":10},"end":{"line":71,"column":23}},"30":{"start":{"line":73,"column":10},"end":{"line":73,"column":24}},"31":{"start":{"line":85,"column":0},"end":{"line":99,"column":1}},"32":{"start":{"line":86,"column":2},"end":{"line":98,"column":4}},"33":{"start":{"line":87,"column":4},"end":{"line":97,"column":5}},"34":{"start":{"line":88,"column":6},"end":{"line":88,"column":19}},"35":{"start":{"line":90,"column":6},"end":{"line":96,"column":8}},"36":{"start":{"line":91,"column":8},"end":{"line":95,"column":9}},"37":{"start":{"line":92,"column":10},"end":{"line":92,"column":23}},"38":{"start":{"line":94,"column":10},"end":{"line":94,"column":24}}},"branchMap":{"1":{"line":22,"type":"if","locations":[{"start":{"line":22,"column":4},"end":{"line":22,"column":4}},{"start":{"line":22,"column":4},"end":{"line":22,"column":4}}]},"2":{"line":26,"type":"if","locations":[{"start":{"line":26,"column":8},"end":{"line":26,"column":8}},{"start":{"line":26,"column":8},"end":{"line":26,"column":8}}]},"3":{"line":42,"type":"if","locations":[{"start":{"line":42,"column":4},"end":{"line":42,"column":4}},{"start":{"line":42,"column":4},"end":{"line":42,"column":4}}]},"4":{"line":46,"type":"if","locations":[{"start":{"line":46,"column":8},"end":{"line":46,"column":8}},{"start":{"line":46,"column":8},"end":{"line":46,"column":8}}]},"5":{"line":66,"type":"if","locations":[{"start":{"line":66,"column":4},"end":{"line":66,"column":4}},{"start":{"line":66,"column":4},"end":{"line":66,"column":4}}]},"6":{"line":70,"type":"if","locations":[{"start":{"line":70,"column":8},"end":{"line":70,"column":8}},{"start":{"line":70,"column":8},"end":{"line":70,"column":8}}]},"7":{"line":87,"type":"if","locations":[{"start":{"line":87,"column":4},"end":{"line":87,"column":4}},{"start":{"line":87,"column":4},"end":{"line":87,"column":4}}]},"8":{"line":91,"type":"if","locations":[{"start":{"line":91,"column":8},"end":{"line":91,"column":8}},{"start":{"line":91,"column":8},"end":{"line":91,"column":8}}]}}},"/mnt/c/Users/sigmu/Code/lib-songbeamer/libs/song.js":{"path":"/mnt/c/Users/sigmu/Code/lib-songbeamer/libs/song.js","s":{"1":1,"2":2,"3":2,"4":2,"5":2,"6":46,"7":46,"8":24,"9":24,"10":22,"11":22,"12":22,"13":146,"14":8,"15":138,"16":146,"17":146,"18":144,"19":2,"20":22,"21":20,"22":2,"23":1,"24":2,"25":2,"26":26,"27":24,"28":2,"29":20,"30":20,"31":20,"32":8,"33":20,"34":138,"35":138,"36":2,"37":2,"38":1,"39":146,"40":146,"41":8,"42":138},"b":{"1":[24,22],"2":[8,138],"3":[144,2],"4":[20,2],"5":[24,2],"6":[26,24],"7":[8,12],"8":[8,138]},"f":{"1":2,"2":2,"3":146},"fnMap":{"1":{"name":"(anonymous_1)","line":14,"loc":{"start":{"line":14,"column":17},"end":{"line":14,"column":43}}},"2":{"name":"(anonymous_2)","line":52,"loc":{"start":{"line":52,"column":17},"end":{"line":52,"column":43}}},"3":{"name":"isCaption","line":77,"loc":{"start":{"line":77,"column":0},"end":{"line":77,"column":26}}}},"statementMap":{"1":{"start":{"line":14,"column":0},"end":{"line":46,"column":1}},"2":{"start":{"line":15,"column":2},"end":{"line":15,"column":30}},"3":{"start":{"line":16,"column":2},"end":{"line":16,"column":15}},"4":{"start":{"line":17,"column":2},"end":{"line":17,"column":18}},"5":{"start":{"line":18,"column":2},"end":{"line":44,"column":3}},"6":{"start":{"line":19,"column":4},"end":{"line":19,"column":34}},"7":{"start":{"line":20,"column":4},"end":{"line":43,"column":5}},"8":{"start":{"line":21,"column":6},"end":{"line":21,"column":30}},"9":{"start":{"line":22,"column":6},"end":{"line":22,"column":42}},"10":{"start":{"line":24,"column":6},"end":{"line":24,"column":20}},"11":{"start":{"line":25,"column":6},"end":{"line":25,"column":22}},"12":{"start":{"line":26,"column":6},"end":{"line":39,"column":7}},"13":{"start":{"line":28,"column":8},"end":{"line":32,"column":9}},"14":{"start":{"line":29,"column":10},"end":{"line":29,"column":30}},"15":{"start":{"line":31,"column":10},"end":{"line":31,"column":32}},"16":{"start":{"line":33,"column":8},"end":{"line":33,"column":15}},"17":{"start":{"line":34,"column":8},"end":{"line":38,"column":9}},"18":{"start":{"line":35,"column":10},"end":{"line":35,"column":36}},"19":{"start":{"line":37,"column":10},"end":{"line":37,"column":15}},"20":{"start":{"line":40,"column":6},"end":{"line":42,"column":7}},"21":{"start":{"line":41,"column":8},"end":{"line":41,"column":31}},"22":{"start":{"line":45,"column":2},"end":{"line":45,"column":22}},"23":{"start":{"line":52,"column":0},"end":{"line":72,"column":1}},"24":{"start":{"line":53,"column":2},"end":{"line":53,"column":15}},"25":{"start":{"line":54,"column":2},"end":{"line":58,"column":3}},"26":{"start":{"line":55,"column":4},"end":{"line":57,"column":5}},"27":{"start":{"line":56,"column":6},"end":{"line":56,"column":60}},"28":{"start":{"line":59,"column":2},"end":{"line":69,"column":3}},"29":{"start":{"line":60,"column":4},"end":{"line":60,"column":21}},"30":{"start":{"line":61,"column":4},"end":{"line":61,"column":36}},"31":{"start":{"line":62,"column":4},"end":{"line":64,"column":5}},"32":{"start":{"line":63,"column":6},"end":{"line":63,"column":36}},"33":{"start":{"line":65,"column":4},"end":{"line":68,"column":5}},"34":{"start":{"line":66,"column":6},"end":{"line":66,"column":41}},"35":{"start":{"line":67,"column":6},"end":{"line":67,"column":27}},"36":{"start":{"line":70,"column":2},"end":{"line":70,"column":34}},"37":{"start":{"line":71,"column":2},"end":{"line":71,"column":22}},"38":{"start":{"line":77,"column":0},"end":{"line":84,"column":1}},"39":{"start":{"line":78,"column":2},"end":{"line":78,"column":65}},"40":{"start":{"line":79,"column":2},"end":{"line":83,"column":3}},"41":{"start":{"line":80,"column":4},"end":{"line":80,"column":15}},"42":{"start":{"line":82,"column":4},"end":{"line":82,"column":16}}},"branchMap":{"1":{"line":20,"type":"if","locations":[{"start":{"line":20,"column":4},"end":{"line":20,"column":4}},{"start":{"line":20,"column":4},"end":{"line":20,"column":4}}]},"2":{"line":28,"type":"if","locations":[{"start":{"line":28,"column":8},"end":{"line":28,"column":8}},{"start":{"line":28,"column":8},"end":{"line":28,"column":8}}]},"3":{"line":34,"type":"if","locations":[{"start":{"line":34,"column":8},"end":{"line":34,"column":8}},{"start":{"line":34,"column":8},"end":{"line":34,"column":8}}]},"4":{"line":40,"type":"if","locations":[{"start":{"line":40,"column":6},"end":{"line":40,"column":6}},{"start":{"line":40,"column":6},"end":{"line":40,"column":6}}]},"5":{"line":55,"type":"if","locations":[{"start":{"line":55,"column":4},"end":{"line":55,"column":4}},{"start":{"line":55,"column":4},"end":{"line":55,"column":4}}]},"6":{"line":55,"type":"binary-expr","locations":[{"start":{"line":55,"column":8},"end":{"line":55,"column":29}},{"start":{"line":55,"column":33},"end":{"line":55,"column":62}}]},"7":{"line":62,"type":"if","locations":[{"start":{"line":62,"column":4},"end":{"line":62,"column":4}},{"start":{"line":62,"column":4},"end":{"line":62,"column":4}}]},"8":{"line":79,"type":"if","locations":[{"start":{"line":79,"column":2},"end":{"line":79,"column":2}},{"start":{"line":79,"column":2},"end":{"line":79,"column":2}}]}}}}