TN:
SF:/mnt/c/Users/sigmu/Code/lib-songbeamer/libs/ablauf.js
FN:15,(anonymous_1)
FN:50,(anonymous_2)
FN:73,clean
FN:85,color2Hex
FN:121,hex2Color
FN:137,getType
FN:160,colourNameToHex
FNF:7
FNH:6
FNDA:2,(anonymous_1)
FNDA:2,(anonymous_2)
FNDA:76,clean
FNDA:38,color2Hex
FNDA:38,hex2Color
FNDA:38,getType
FNDA:0,colourNameToHex
DA:14,1
DA:15,1
DA:16,2
DA:17,2
DA:18,2
DA:19,38
DA:20,38
DA:21,38
DA:22,0
DA:24,38
DA:25,152
DA:27,38
DA:29,38
DA:30,38
DA:32,38
DA:33,38
DA:35,38
DA:36,38
DA:37,0
DA:40,38
DA:41,38
DA:43,2
DA:50,1
DA:51,2
DA:52,2
DA:53,38
DA:54,38
DA:55,38
DA:56,38
DA:57,38
DA:58,22
DA:60,38
DA:61,2
DA:63,36
DA:66,2
DA:67,2
DA:73,1
DA:74,76
DA:75,60
DA:76,60
DA:78,16
DA:85,1
DA:86,38
DA:87,0
DA:88,0
DA:91,38
DA:94,38
DA:97,38
DA:101,38
DA:102,38
DA:103,38
DA:106,38
DA:109,38
DA:112,38
DA:114,38
DA:121,1
DA:122,38
DA:123,38
DA:124,38
DA:125,38
DA:128,38
DA:130,38
DA:137,1
DA:138,38
DA:139,38
DA:140,38
DA:141,38
DA:142,10
DA:143,4
DA:145,8
DA:146,16
DA:149,0
DA:150,0
DA:153,0
DA:160,1
DA:161,0
DA:303,0
DA:304,0
DA:306,0
LF:79
LH:68
BRDA:21,1,0,0
BRDA:21,1,1,38
BRDA:25,2,0,38
BRDA:25,2,1,38
BRDA:25,2,2,38
BRDA:25,2,3,38
BRDA:25,2,4,0
BRDA:57,3,0,22
BRDA:57,3,1,16
BRDA:60,4,0,2
BRDA:60,4,1,36
BRDA:74,5,0,60
BRDA:74,5,1,16
BRDA:86,6,0,0
BRDA:86,6,1,38
BRDA:138,7,0,38
BRDA:138,7,1,0
BRDA:141,8,0,10
BRDA:141,8,1,4
BRDA:141,8,2,8
BRDA:141,8,3,8
BRDA:141,8,4,16
BRDA:149,9,0,0
BRDA:149,9,1,0
BRDA:303,10,0,0
BRDA:303,10,1,0
BRF:26
BRH:18
end_of_record
TN:
SF:/mnt/c/Users/sigmu/Code/lib-songbeamer/index.js
FN:20,(anonymous_1)
FN:21,(anonymous_2)
FN:25,(anonymous_3)
FN:40,(anonymous_4)
FN:41,(anonymous_5)
FN:45,(anonymous_6)
FN:64,(anonymous_7)
FN:65,(anonymous_8)
FN:69,(anonymous_9)
FN:85,(anonymous_10)
FN:86,(anonymous_11)
FN:90,(anonymous_12)
FNF:12
FNH:12
FNDA:1,(anonymous_1)
FNDA:1,(anonymous_2)
FNDA:1,(anonymous_3)
FNDA:1,(anonymous_4)
FNDA:1,(anonymous_5)
FNDA:1,(anonymous_6)
FNDA:1,(anonymous_7)
FNDA:1,(anonymous_8)
FNDA:1,(anonymous_9)
FNDA:1,(anonymous_10)
FNDA:1,(anonymous_11)
FNDA:1,(anonymous_12)
DA:12,1
DA:13,1
DA:14,1
DA:20,1
DA:21,1
DA:22,1
DA:23,0
DA:25,1
DA:26,1
DA:27,0
DA:29,1
DA:40,1
DA:41,1
DA:42,1
DA:43,0
DA:45,1
DA:46,1
DA:47,0
DA:49,1
DA:50,1
DA:51,1
DA:52,1
DA:64,1
DA:65,1
DA:66,1
DA:67,0
DA:69,1
DA:70,1
DA:71,0
DA:73,1
DA:85,1
DA:86,1
DA:87,1
DA:88,0
DA:90,1
DA:91,1
DA:92,0
DA:94,1
LF:38
LH:30
BRDA:22,1,0,0
BRDA:22,1,1,1
BRDA:26,2,0,0
BRDA:26,2,1,1
BRDA:42,3,0,0
BRDA:42,3,1,1
BRDA:46,4,0,0
BRDA:46,4,1,1
BRDA:66,5,0,0
BRDA:66,5,1,1
BRDA:70,6,0,0
BRDA:70,6,1,1
BRDA:87,7,0,0
BRDA:87,7,1,1
BRDA:91,8,0,0
BRDA:91,8,1,1
BRF:16
BRH:8
end_of_record
TN:
SF:/mnt/c/Users/sigmu/Code/lib-songbeamer/libs/song.js
FN:14,(anonymous_1)
FN:52,(anonymous_2)
FN:77,isCaption
FNF:3
FNH:3
FNDA:2,(anonymous_1)
FNDA:2,(anonymous_2)
FNDA:146,isCaption
DA:14,1
DA:15,2
DA:16,2
DA:17,2
DA:18,2
DA:19,46
DA:20,46
DA:21,24
DA:22,24
DA:24,22
DA:25,22
DA:26,22
DA:28,146
DA:29,8
DA:31,138
DA:33,146
DA:34,146
DA:35,144
DA:37,2
DA:40,22
DA:41,20
DA:45,2
DA:52,1
DA:53,2
DA:54,2
DA:55,26
DA:56,24
DA:59,2
DA:60,20
DA:61,20
DA:62,20
DA:63,8
DA:65,20
DA:66,138
DA:67,138
DA:70,2
DA:71,2
DA:77,1
DA:78,146
DA:79,146
DA:80,8
DA:82,138
LF:42
LH:42
BRDA:20,1,0,24
BRDA:20,1,1,22
BRDA:28,2,0,8
BRDA:28,2,1,138
BRDA:34,3,0,144
BRDA:34,3,1,2
BRDA:40,4,0,20
BRDA:40,4,1,2
BRDA:55,5,0,24
BRDA:55,5,1,2
BRDA:55,6,0,26
BRDA:55,6,1,24
BRDA:62,7,0,8
BRDA:62,7,1,12
BRDA:79,8,0,8
BRDA:79,8,1,138
BRF:16
BRH:16
end_of_record
